<?xml version="1.0" encoding="UTF-8"?>
<!-- Generated by org.testng.reporters.JUnitReportReporter -->
<testsuite name="com.zeidler.Zeidler" tests="6" time="106.135" ignored="0" failures="0" timestamp="01 Dec 2019 22:17:45 GMT" skipped="0" hostname="Durgesh-PC" errors="0">
  <testcase name="loginTimber" time="12.654" classname="com.zeidler.Zeidler"/>
  <testcase name="editImages" time="7.268" classname="com.zeidler.Zeidler"/>
  <testcase name="deleteImages" time="14.562" classname="com.zeidler.Zeidler"/>
  <testcase name="uploadFile" time="68.170" classname="com.zeidler.Zeidler"/>
  <testcase name="clickOnAddImages" time="1.478" classname="com.zeidler.Zeidler"/>
  <testcase name="clickOnFiles" time="2.003" classname="com.zeidler.Zeidler"/>
</testsuite> <!-- com.zeidler.Zeidler -->
