<?xml version="1.0" encoding="UTF-8"?>
<!-- Generated by org.testng.reporters.JUnitReportReporter -->
<testsuite name="testPractice" tests="1" time="5.476" ignored="1" failures="0" timestamp="19 Nov 2019 18:33:33 GMT" skipped="0" hostname="Durgesh-PC" errors="0">
  <testcase name="getLink" time="5.476" classname="testPractice"/>
  <testcase name="gfindelement" classname="testPractice">
    <skipped/>
  </testcase> <!-- gfindelement -->
</testsuite> <!-- testPractice -->
